{
  "RSpec": {
    "coverage": {
      "/Users/student/Dropbox/LUCYLAND/Coding Lucy/MAKERS/Makers_Onsite/Week4/bookmark-challenge/spec/features/view_bookmarks_spec.rb": [
        null,
        null,
        null,
        null,
        1,
        1,
        1,
        1,
        1,
        null,
        null
      ],
      "/Users/student/Dropbox/LUCYLAND/Coding Lucy/MAKERS/Makers_Onsite/Week4/bookmark-challenge/spec/features/welcome_page_spec.rb": [
        1,
        null,
        1,
        1,
        1,
        1,
        null,
        null
      ]
    },
    "timestamp": 1560785430
  }
}
